2022-04-15 16:01:29,276:ERROR:Function only takes string as an argument
2022-04-15 16:02:28,762:ERROR:Function only takes string as an argument
2022-04-15 16:02:48,622:ERROR:Function only takes string as an argument
2022-04-15 16:03:06,868:INFO:6
2022-04-15 16:14:27,617:INFO:{'J': 1, 'a': 1, 'y': 1, 'e': 1, 's': 1, 'h': 1}
2022-04-15 16:51:50,109:INFO:jaccs
2022-04-15 16:52:03,301:INFO:jaajj
2022-04-15 16:52:23,103:INFO:jajj
2022-04-15 16:54:03,972:INFO:ja$$
2022-04-15 20:09:33,887:INFO:Jayesh
2022-04-15 20:10:19,079:INFO:Jayesh
2022-04-15 20:11:07,652:INFO:Jayeshing
2022-04-15 20:11:24,530:INFO:Jayeshingly
2022-04-15 20:11:34,698:INFO:ab
2022-04-15 22:49:06,112:INFO:bba
2022-04-15 22:51:07,476:INFO:Prakash
2022-04-15 23:02:21,357:INFO:('JAYESH', 'jayesh')
2022-04-15 23:03:47,236:INFO:JAYESH
2022-04-15 23:03:47,236:INFO:jayesh
2022-04-15 23:13:27,554:INFO:['Nik', 'jayesh', 'prakash']
2022-04-15 23:18:16,179:INFO:None
2022-04-15 23:22:22,665:INFO:[' sdsdv', 'jayesh', 'sdvs', 'ssd']
2022-04-15 23:23:36,168:INFO:['dfvdedvd', 'erv', 'erv', 'erve', 'erver']
2022-04-16 07:47:16,693:INFO:Index out of range
2022-04-16 07:47:16,693:INFO:None
2022-04-16 07:47:47,672:INFO:Index out of range
2022-04-16 07:47:47,672:INFO:None
2022-04-16 07:48:56,652:INFO:Index out of range
2022-04-16 07:48:56,653:INFO:None
2022-04-16 07:50:04,284:INFO:JAYESH
2022-04-16 07:50:45,049:INFO:JAYESH
2022-04-16 07:51:07,253:INFO:jay
2022-04-16 07:51:45,139:INFO:jayESH
2022-04-16 07:55:38,780:INFO:<reversed object at 0x000001E23A2D5790>
2022-04-16 07:56:09,537:INFO:<reversed object at 0x00000139A8F45790>
2022-04-16 07:57:06,430:INFO:<list_reverseiterator object at 0x00000203A4195850>
2022-04-16 07:57:36,526:INFO:['H', 'S', 'E', 'Y', 'A', 'J']
2022-04-16 07:57:58,553:INFO:HSEYAJ
2022-04-16 08:16:07,992:ERROR:Function takes string as 1st and 2nd argument
2022-04-16 08:16:40,794:INFO:1
2022-04-16 08:16:55,993:INFO:2
2022-04-16 08:24:27,561:INFO:JAYESHESH svvej dve errv erv wv erv wdv scwev wefw
ewvwe wevwevwew wevwev wevwevwever  erbe  sdvw r e
2022-04-16 08:34:44,344:ERROR:Function takes both argument as string
2022-04-16 08:34:58,469:INFO:https://www.w3resource.com/python-exercises
2022-04-16 08:35:17,889:INFO:https://www.w3resource.com/python-exercises
