2022-04-14 10:05:10,695:INFO:[{1: 10, 2: 20}, {3: 30, 4: 40}, {5: 50, 6: 60}]
2022-04-14 10:05:45,215:INFO:{1: 10, 2: 20, 3: 30, 4: 40, 5: 50, 6: 60}
2022-04-14 10:06:09,328:INFO:{1: 10, 2: 60, 3: 30, 4: 40, 5: 50}
2022-04-14 10:07:56,282:INFO:{1: 10, 2: 60, 3: 30, 4: 40, 5: 50}
2022-04-14 10:20:00,304:INFO:Red corresponds to 1
2022-04-14 10:20:00,304:INFO:Green corresponds to 2
2022-04-14 10:20:00,304:INFO:Blue corresponds to 3
2022-04-14 10:41:35,628:ERROR:<class 'Exception'>
2022-04-14 10:41:55,224:INFO:{1: 1, 2: 4, 3: 9}
2022-04-14 10:43:15,782:ERROR:Enter valid key
2022-04-14 10:55:30,431:INFO:{'a': 1, 'b': 2, 'c': 3, 'd': 4}
2022-04-14 10:56:35,052:INFO:{'a': 1, 'b': 2, 'c': 3, 'd': 4}
2022-04-14 10:57:14,083:INFO:{'a': 1, 'b': 2, 'c': 3, 'd': 4}
2022-04-14 10:57:16,647:INFO:{'a': 1, 'c': 3, 'd': 4}
2022-04-14 11:29:44,609:INFO:[{'V': 'S001'}, {'V': 'S002'}, {'VI': 'S001'}, {'VI': 'S005'}, {'VII': 'S005'}, {'V': 'S009'}, {'VIII': 'S007'}]
2022-04-14 11:30:35,261:INFO:[{'V': 'S001'}, {'V': 'S002'}, {'VI': 'S001'}, {'VI': 'S005'}, {'VII': 'S005'}, {'V': 'S009'}, {'VIII': 'S007'}]
2022-04-14 11:30:35,261:INFO:{'S002', 'S009', 'S001', 'S005', 'S007'}
2022-04-14 11:31:14,073:INFO:[{'V': 'S001'}, {'V': 'S002'}, {'VI': 'S001'}, {'VI': 'S005'}, {'VII': 'S005'}, {'V': 'S009'}, {'VIII': 'S007'}]
2022-04-14 11:31:14,074:INFO:The unique values are :
2022-04-14 11:31:14,074:INFO:{'S002', 'S001', 'S009', 'S005', 'S007'}
2022-04-14 12:01:21,586:INFO:{'j': 1, 'a': 1, 'y': 1, 'e': 1, 's': 1, 'h': 1}
2022-04-14 12:01:37,791:INFO:{'j': 3, 'a': 1, 'y': 1, 'e': 1, 's': 1, 'h': 1}
2022-04-14 12:16:33,086:INFO:('C1', 'C2', 'C3')
2022-04-14 12:16:33,087:INFO:(1, 5, 9)
2022-04-14 12:16:33,087:INFO:(2, 6, 10)
2022-04-14 12:16:33,087:INFO:(3, 7, 11)
2022-04-14 12:19:51,683:INFO:C1 C2 C3
2022-04-14 12:30:33,922:INFO:C1 C2 C3
2022-04-14 12:30:33,922:INFO:1 5 9
2022-04-14 12:30:33,922:INFO:2 6 10
2022-04-14 12:30:33,922:INFO:3 7 11
2022-04-14 12:59:44,215:INFO:The total count is 3
2022-04-14 13:00:59,797:INFO:The total count is 3
2022-04-14 13:01:39,685:INFO:The total count is 3
2022-04-14 13:09:19,396:INFO:The total count is 2
2022-04-14 13:15:38,002:INFO:Only works with the keys having boolean or int value
2022-04-14 13:15:50,857:INFO:The total count is 6
2022-04-14 13:36:31,266:INFO:[1, 2, 3, 4]
2022-04-14 13:36:55,422:INFO:{1: {2: {3: {4: {}}}}}
2022-04-14 13:58:57,764:INFO:True
2022-04-14 14:25:48,908:INFO:9
