2022-04-17 09:31:11,387:INFO:The updated dictionary is :
2022-04-17 09:31:11,387:INFO:{2: 'Red', 3: 'White'}
2022-04-17 09:31:25,112:INFO:The sorted dictionary in ascending order {'Black': 3, 'Blue': 4, 'Red': 5, 'Green': 8}
2022-04-17 09:31:35,219:INFO:{1: 10, 2: 60, 3: 30, 4: 40, 5: 50}
2022-04-17 09:31:48,292:INFO:Red corresponds to 1
2022-04-17 09:31:48,292:INFO:Green corresponds to 2
2022-04-17 09:31:48,292:INFO:Blue corresponds to 3
2022-04-17 09:32:10,095:INFO:{1: 1, 2: 4}
2022-04-17 09:32:24,210:INFO:The sorted dictionary in ascending order {'Black': 3, 'Blue': 4, 'Red': 5, 'Green': 8}
2022-04-17 09:32:37,458:INFO:The updated dictionary is :
2022-04-17 09:32:37,458:INFO:{2: 'Red', 3: 'White'}
2022-04-17 09:32:46,657:INFO:{'a': 1, 'b': 2, 'c': 3, 'd': 4}
2022-04-17 09:32:58,060:INFO:{'a': 1, 'c': 3, 'd': 4}
2022-04-17 09:33:08,489:INFO:{1: 10, 2: 60, 3: 30, 4: 40, 5: 50}
2022-04-17 09:33:18,506:INFO:[{'V': 'S001'}, {'V': 'S002'}, {'VI': 'S001'}, {'VI': 'S005'}, {'VII': 'S005'}, {'V': 'S009'}, {'VIII': 'S007'}]
2022-04-17 09:33:18,507:INFO:The unique values are :
2022-04-17 09:33:18,507:INFO:{'S007', 'S002', 'S005', 'S001', 'S009'}
2022-04-17 09:33:30,079:INFO:{'s': 2, 'd': 1, 'v': 2}
2022-04-17 09:33:39,725:INFO:C1 C2 C3
2022-04-17 09:33:39,725:INFO:1 5 9
2022-04-17 09:33:39,725:INFO:2 6 10
2022-04-17 09:33:39,726:INFO:3 7 11
2022-04-17 09:33:49,659:INFO:The total count is 6
2022-04-17 09:33:59,838:INFO:{1: {2: {3: {4: {}}}}}
2022-04-17 09:34:08,806:INFO:True
2022-04-17 09:34:18,046:INFO:9
