2022-04-16 12:56:37,571:INFO:15.0
2022-04-16 12:57:55,158:INFO:You should either insert integer or float
2022-04-16 14:44:21,454:INFO:The list is [1, 2, 3, 4, 5, 6, 7]
2022-04-16 14:44:25,614:INFO:56
2022-04-16 14:44:49,252:INFO:The list is [1, 2, 3, 4, 5, 6, 7]
2022-04-16 14:44:54,482:INFO:[3, 6, 9, 12, 15, 18, 21]
2022-04-16 18:18:19,354:INFO:14.5
2022-04-16 18:19:14,126:INFO:The list is [1, 2, 3, 4, 5, 6, 7]
2022-04-16 18:19:17,405:INFO:[3, 6, 9, 12, 15, 18, 21]
2022-04-16 18:23:57,583:INFO:The list is [(2, 5), (1, 2), (4, 4), (2, 3), (2, 1)]
2022-04-16 18:23:57,583:INFO:The list output is : [(2, 1), (1, 2), (2, 3), (4, 4), (2, 5)]
2022-04-16 18:27:04,591:INFO:The list is ['wevere', 'weve', 'evwer', 'gwegv', 'wegvw', 'ew', 'gwe', 'gw', 'gw', 'bswebw']
2022-04-16 18:27:04,591:INFO:The list output is : ['wevere', 'weve', 'evwer', 'gwegv', 'wegvw', 'bswebw']
2022-04-16 19:30:22,874:INFO:['efwef', 'wef', 'wef', 'wef', 'wef', 'wef', 'ewf', 'wevgw', 'g']
2022-04-16 19:31:11,569:INFO:['ecfwefw', 'wevf', 'wev', 'wev', 'wev', 'wev', 'wev', 'we', 'vwe', 'vw', 'ev', 'wve']
2022-04-16 19:31:11,570:INFO:The list output : ['wevf', 'wev', 'wev', 'wev', 'we', 'vwe', 'vw', 'ev', 'wve']
2022-04-17 07:14:20,483:INFO:['1', '2', '3']
2022-04-17 07:14:20,484:INFO:The list output permutation : [['1', '2', '3'], ['1', '3', '2'], ['2', '1', '3'], ['2', '3', '1'], ['3', '1', '2'], ['3', '2', '1']]
2022-04-17 08:04:04,226:INFO:[1, 3, 5, 7, 9]
2022-04-17 08:04:04,226:INFO:[1, 2, 4, 6, 7, 8]
2022-04-17 08:04:04,226:INFO:The difference between list : [9, 3, 5, 8, 2, 4, 6]
2022-04-17 08:12:53,364:INFO:[1, 3, 5, 7, 9]
2022-04-17 08:12:53,364:INFO:[1, 2, 4, 6, 7, 8]
2022-04-17 08:12:53,364:INFO:The appended list is : [1, 3, 5, 7, 9, 1, 2, 4, 6, 7, 8]
2022-04-17 08:34:06,496:INFO:[10, 10, 0, 0, 10]
2022-04-17 08:34:06,497:INFO:[10, 10, 10, 0, 0]
2022-04-17 08:34:06,498:INFO:The two list are circular : True
2022-04-17 08:43:15,574:INFO:[10, 10, 0, 0, 10]
2022-04-17 08:43:15,574:INFO:[10, 10, 10, 0, 0]
2022-04-17 08:43:15,574:INFO:The list with common elements : {0, 10}
2022-04-17 08:43:36,415:INFO:[10, 10, 0, 0, 10]
2022-04-17 08:43:36,415:INFO:[10, 10, 10, 0, 0]
2022-04-17 08:43:36,415:INFO:The list with common elements : [0, 10]
2022-04-17 08:46:39,921:INFO:[10, 10, 0, 0, 10]
2022-04-17 08:46:39,921:INFO:[10, 10, 10, 0, 0]
2022-04-17 08:46:39,921:INFO:The two list are circular : True
2022-04-17 08:55:01,156:INFO:The splitter list is  : ['', 'egsrher', 'wevw', 'wev']
2022-04-17 09:04:45,030:INFO:The list is [[10, 20], [40], [30, 56, 25], [10, 20], [33], [40]]
2022-04-17 09:04:45,031:INFO:The list after removing duplicates is : [[10, 20], [30, 56, 25], [33], [40]]
2022-04-17 09:04:57,712:INFO:The list is [[10, 20], [40], [30, 56, 25], [20, 10], [33], [40]]
2022-04-17 09:04:57,714:INFO:The list after removing duplicates is : [[10, 20], [20, 10], [30, 56, 25], [33], [40]]
2022-04-17 09:05:18,935:INFO:The list is [[10, 20], [40], [30, 56, 25], [10, 20], [33], [40]]
2022-04-17 09:05:18,935:INFO:The list after removing duplicates is : [[10, 20], [30, 56, 25], [33], [40]]
