2022-04-15 06:38:24,432:INFO:('1', '2', '3', '4')
2022-04-15 06:40:53,180:INFO:('1', '2', '3', '4')
2022-04-15 06:55:00,210:INFO:[3.2]
2022-04-15 06:55:17,866:INFO:('tuple',)
2022-04-15 06:55:19,791:INFO:(1,)
2022-04-15 06:55:24,496:INFO:(1,)
2022-04-15 06:55:27,468:INFO:(3.2,)
2022-04-15 06:55:32,965:INFO:('tuple',)
2022-04-15 06:55:36,028:INFO:(1,)
2022-04-15 06:55:39,372:INFO:('tuple',)
2022-04-15 06:55:42,024:INFO:(1,)
2022-04-15 06:58:04,982:INFO:(1, 3.2)
2022-04-15 06:58:09,101:INFO:(3.2, 'tuple', False)
2022-04-15 07:18:13,852:INFO:1
2022-04-15 07:18:13,853:INFO:2
2022-04-15 07:18:13,853:INFO:3
2022-04-15 07:18:13,853:INFO:True
2022-04-15 07:18:13,853:INFO:Jayesh
2022-04-15 07:18:13,853:INFO:None
2022-04-15 07:21:16,981:INFO:1
2022-04-15 07:21:16,981:INFO:2
2022-04-15 07:21:16,982:INFO:3
2022-04-15 07:21:16,982:INFO:True
2022-04-15 07:21:16,982:INFO:Jayesh
2022-04-15 07:21:16,982:INFO:None
2022-04-15 07:23:22,234:INFO:1
2022-04-15 07:23:22,236:INFO:2
2022-04-15 07:23:22,236:INFO:3
2022-04-15 07:23:22,236:INFO:True
2022-04-15 07:23:22,236:INFO:Jayesh
2022-04-15 07:31:16,884:INFO:Original tuple
2022-04-15 07:31:16,884:INFO:('HELLO', 5, [], True)
2022-04-15 07:31:16,885:INFO:Colon tuple print
2022-04-15 07:31:16,885:INFO:('HELLO', 5, [50], True)
2022-04-15 07:37:12,219:INFO:1
2022-04-15 07:37:12,219:INFO:2
2022-04-15 07:37:12,219:INFO:True
2022-04-15 07:37:12,219:INFO:1
2022-04-15 07:37:12,219:INFO:2
2022-04-15 07:39:13,533:INFO:{1, 2}
2022-04-15 07:45:02,629:INFO:Element present in tuple
2022-04-15 07:45:02,629:INFO:True
2022-04-15 07:45:11,336:INFO:Element not present in table
2022-04-15 07:45:11,336:INFO:False
2022-04-15 08:29:31,301:INFO:<reversed object at 0x00000285FBC15790>
2022-04-15 08:31:27,029:INFO:(4, 2, 1, 'Jayesh', True, 3, 2, 1)
