2022-04-14 19:35:25,219:INFO:{'2', '1', '4', '3', '5'}
2022-04-14 19:51:13,031:ERROR:<class 'TypeError'>
2022-04-14 19:52:16,202:ERROR:This function only takes set as a parameter
2022-04-14 19:52:40,181:INFO:3
2022-04-14 19:52:40,181:INFO:5
2022-04-14 19:52:40,181:INFO:1
2022-04-14 19:52:40,181:INFO:2
2022-04-14 19:52:40,181:INFO:6
2022-04-14 19:52:40,181:INFO:4
2022-04-14 20:10:15,724:INFO:{1, 2, 3, 4, <map object at 0x000001FEF8568850>}
2022-04-14 20:12:06,293:INFO:{1, 2, 3, 4}
2022-04-14 20:13:34,184:INFO:{None}
2022-04-14 20:13:59,339:INFO:[None, None, None]
2022-04-14 20:16:01,556:INFO:[None, None, None]
2022-04-14 20:16:18,486:INFO:[None, None, None]
2022-04-14 20:17:39,110:INFO:[None, None, None]
2022-04-14 20:24:38,216:INFO:{1, 2, 3, 4, 5, 6, 7}
2022-04-14 20:47:41,718:ERROR:5 is not found in set
2022-04-14 20:47:41,718:ERROR:6 is not found in set
2022-04-14 20:47:41,718:ERROR:7 is not found in set
2022-04-14 20:47:41,718:INFO:{1, 2, 3, 4}
2022-04-14 20:47:58,536:INFO:{4}
2022-04-14 21:14:15,643:INFO:Removed successfully
2022-04-14 21:14:15,643:INFO:{2, 3, 4}
2022-04-14 21:42:03,083:INFO:{2, 3}
2022-04-14 21:48:03,051:INFO:{None}
2022-04-14 21:48:52,285:INFO:{1, 2, 3, 4, 5}
2022-04-14 21:50:51,727:INFO:{1, 2, 3, 4, 5, 7, 8, 9, 10}
2022-04-14 22:00:47,038:INFO:{1, 4, 5}
2022-04-14 22:16:41,510:INFO:{1, 2, 3, 4, 5}
2022-04-14 22:16:41,510:INFO:{2, 3, 7, 8, 9, 10}
2022-04-14 22:16:41,510:INFO:{1, 2, 4, 5, 3, 7, 8, 9, 10}
2022-04-14 22:17:19,006:INFO:Original Sets
2022-04-14 22:17:19,006:INFO:{1, 2, 3, 4, 5}
2022-04-14 22:17:19,006:INFO:{2, 3, 7, 8, 9, 10}
2022-04-14 22:17:19,006:INFO:final set
2022-04-14 22:17:19,006:INFO:{1, 2, 4, 5, 3, 7, 8, 9, 10}
2022-04-14 22:18:49,812:INFO:Original Sets
2022-04-14 22:18:49,812:INFO:{1, 2, 3, 4, 5}
2022-04-14 22:18:49,812:INFO:{2, 3, 7, 8, 9, 10}
2022-04-14 22:18:49,812:INFO:final set
2022-04-14 22:18:49,812:INFO:{1, 2, 4, 5, 3, 7, 8, 9, 10}
2022-04-14 22:20:44,435:INFO:Original Sets
2022-04-14 22:20:44,435:INFO:{1, 2, 3, 4, 5}
2022-04-14 22:20:44,435:INFO:{2, 3, 7, 8, 9, 10}
2022-04-14 22:20:44,435:INFO:final set
2022-04-14 22:20:44,435:INFO:{1, 4, 5}
2022-04-14 22:22:10,473:INFO:Original Sets
2022-04-14 22:22:10,473:INFO:{1, 2, 3, 4, 5}
2022-04-14 22:22:10,473:INFO:{2, 3, 7, 8, 9, 10}
2022-04-14 22:22:10,473:INFO:final set
2022-04-14 22:22:10,473:INFO:{1, 4, 5}
2022-04-14 22:23:08,797:INFO:Original Sets
2022-04-14 22:23:08,797:INFO:{1, 2, 3, 4, 5}
2022-04-14 22:23:08,797:INFO:{2, 3, 7, 8, 9, 10}
2022-04-14 22:23:08,797:INFO:final set
2022-04-14 22:23:08,797:INFO:{1, 4, 5, 7, 8, 9, 10}
2022-04-14 22:32:11,307:INFO:Original Sets
2022-04-14 22:32:11,308:INFO:{1, 2, 3, 4, 5}
2022-04-14 22:32:11,308:INFO:final set
2022-04-14 22:32:11,308:INFO:set()
2022-04-14 22:32:29,826:INFO:Original Sets
2022-04-14 22:32:29,830:INFO:{1, 2, 3, 4, 5}
2022-04-14 22:32:29,830:INFO:final set
2022-04-14 22:32:29,830:INFO:{}
2022-04-14 22:56:31,137:INFO:False
2022-04-14 22:56:31,137:INFO:frozenset({1, 2})
2022-04-14 22:56:31,137:INFO:frozenset({1, 2, 3, 4, 5, 6, 7})
2022-04-15 06:27:15,021:INFO:('a', 'd')
2022-04-15 06:27:23,056:INFO:('a', 'd')
